21:45:49 **** Incremental Build of configuration Debug for project parcial1_labo ****
make all 
Building file: ../src/Income.c
Invoking: GCC C Compiler
gcc -O0 -g3 -Wall -c -fmessage-length=0 -MMD -MP -MF"src/Income.d" -MT"src/Income.o" -o "src/Income.o" "../src/Income.c"
../src/Income.c: In function ‘createIncome’:
../src/Income.c:106:47: warning: passing argument 3 of ‘validString’ makes pointer from integer without a cast [-Wint-conversion]
  if (validString("Mes", "Error.Mes invalido", name, 20,
                                               ^~~~
In file included from ../src/Income.c:11:
../src/Validations.h:64:56: note: expected ‘char *’ but argument is of type ‘char’
 int validString(char *message, char *errMessage, char *output, int strLenght, int max_attempts);
                                                  ~~~~~~^~~~~~
../src/Income.c:117:28: warning: passing argument 2 of ‘strcpy’ makes pointer from integer without a cast [-Wint-conversion]
   strcpy(newTaxPayer.name, name);
                            ^~~~
In file included from ../src/Income.c:12:
/usr/include/string.h:121:14: note: expected ‘const char * restrict’ but argument is of type ‘char’
 extern char *strcpy (char *__restrict __dest, const char *__restrict __src)
              ^~~~~~
../src/Income.c:93:8: warning: unused variable ‘amount’ [-Wunused-variable]
  float amount;
        ^~~~~~
../src/Income.c:92:6: warning: unused variable ‘id_type’ [-Wunused-variable]
  int id_type;
      ^~~~~~~
../src/Income.c:106:6: warning: ‘name’ is used uninitialized in this function [-Wuninitialized]
  if (validString("Mes", "Error.Mes invalido", name, 20,
      ^~~~~~~~~~~~~~~~~~~~~~~~~~~~~~~~~~~~~~~~~~~~~~~~~~
  MAX_ATTEMPTS)
  ~~~~~~~~~~~~~
Finished building: ../src/Income.c
 
Building file: ../src/parcial1_labo.c
Invoking: GCC C Compiler
gcc -O0 -g3 -Wall -c -fmessage-length=0 -MMD -MP -MF"src/parcial1_labo.d" -MT"src/parcial1_labo.o" -o "src/parcial1_labo.o" "../src/parcial1_labo.c"
../src/parcial1_labo.c:12:10: fatal error: string: No such file or directory
 #include <string>
          ^~~~~~~~
compilation terminated.
make: *** [src/subdir.mk:35: src/parcial1_labo.o] Error 1
"make all" terminated with exit code 2. Build might be incomplete.

21:45:49 Build Failed. 2 errors, 5 warnings. (took 441ms)

